2025-08-14T13:29:09.107-0400 [INFO]  Terraform version: 1.5.7
2025-08-14T13:29:09.107-0400 [DEBUG] using github.com/hashicorp/go-tfe v1.26.0
2025-08-14T13:29:09.107-0400 [DEBUG] using github.com/hashicorp/hcl/v2 v2.16.2
2025-08-14T13:29:09.107-0400 [DEBUG] using github.com/hashicorp/terraform-svchost v0.1.0
2025-08-14T13:29:09.107-0400 [DEBUG] using github.com/zclconf/go-cty v1.12.2
2025-08-14T13:29:09.107-0400 [INFO]  Go runtime version: go1.22.2
2025-08-14T13:29:09.107-0400 [INFO]  CLI args: []string{"terraform", "apply", "-auto-approve"}
2025-08-14T13:29:09.107-0400 [DEBUG] Attempting to open CLI config file: /Users/jahong/.terraformrc
2025-08-14T13:29:09.107-0400 [DEBUG] File doesn't exist, but doesn't need to. Ignoring.
2025-08-14T13:29:09.108-0400 [DEBUG] ignoring non-existing provider search directory terraform.d/plugins
2025-08-14T13:29:09.108-0400 [DEBUG] ignoring non-existing provider search directory /Users/jahong/.terraform.d/plugins
2025-08-14T13:29:09.108-0400 [DEBUG] ignoring non-existing provider search directory /Users/jahong/Library/Application Support/io.terraform/plugins
2025-08-14T13:29:09.108-0400 [DEBUG] ignoring non-existing provider search directory /Library/Application Support/io.terraform/plugins
2025-08-14T13:29:09.112-0400 [INFO]  CLI command args: []string{"apply", "-auto-approve"}
2025-08-14T13:29:09.146-0400 [DEBUG] New state was assigned lineage "31e8eaf3-a67a-23a4-f35e-5c212633467c"
2025-08-14T13:29:12.002-0400 [DEBUG] checking for provisioner in "."
2025-08-14T13:29:12.004-0400 [DEBUG] checking for provisioner in "/usr/local/bin"
2025-08-14T13:29:12.012-0400 [INFO]  backend/local: starting Apply operation
2025-08-14T13:29:12.043-0400 [DEBUG] created provider logger: level=debug
2025-08-14T13:29:12.043-0400 [INFO]  provider: configuring client automatic mTLS
2025-08-14T13:29:12.069-0400 [DEBUG] provider: starting plugin: path=.terraform/providers/registry.terraform.io/hashicorp/archive/2.7.1/darwin_amd64/terraform-provider-archive_v2.7.1_x5 args=[.terraform/providers/registry.terraform.io/hashicorp/archive/2.7.1/darwin_amd64/terraform-provider-archive_v2.7.1_x5]
2025-08-14T13:29:12.080-0400 [DEBUG] provider: plugin started: path=.terraform/providers/registry.terraform.io/hashicorp/archive/2.7.1/darwin_amd64/terraform-provider-archive_v2.7.1_x5 pid=40065
2025-08-14T13:29:12.081-0400 [DEBUG] provider: waiting for RPC address: path=.terraform/providers/registry.terraform.io/hashicorp/archive/2.7.1/darwin_amd64/terraform-provider-archive_v2.7.1_x5
2025-08-14T13:29:12.891-0400 [INFO]  provider.terraform-provider-archive_v2.7.1_x5: configuring server automatic mTLS: timestamp=2025-08-14T13:29:12.889-0400
2025-08-14T13:29:12.908-0400 [DEBUG] provider.terraform-provider-archive_v2.7.1_x5: plugin address: address=/var/folders/55/f3q80lzj2xn70glrglv97c400000gn/T/plugin210363528 network=unix timestamp=2025-08-14T13:29:12.908-0400
2025-08-14T13:29:12.910-0400 [DEBUG] provider: using plugin: version=5
2025-08-14T13:29:12.988-0400 [DEBUG] No provider meta schema returned
2025-08-14T13:29:12.995-0400 [DEBUG] provider.stdio: received EOF, stopping recv loop: err="rpc error: code = Unavailable desc = error reading from server: EOF"
2025-08-14T13:29:12.999-0400 [DEBUG] provider: plugin process exited: path=.terraform/providers/registry.terraform.io/hashicorp/archive/2.7.1/darwin_amd64/terraform-provider-archive_v2.7.1_x5 pid=40065
2025-08-14T13:29:12.999-0400 [DEBUG] provider: plugin exited
2025-08-14T13:29:13.000-0400 [DEBUG] created provider logger: level=debug
2025-08-14T13:29:13.000-0400 [INFO]  provider: configuring client automatic mTLS
2025-08-14T13:29:13.005-0400 [DEBUG] provider: starting plugin: path=.terraform/providers/registry.terraform.io/hashicorp/aws/5.100.0/darwin_amd64/terraform-provider-aws_v5.100.0_x5 args=[.terraform/providers/registry.terraform.io/hashicorp/aws/5.100.0/darwin_amd64/terraform-provider-aws_v5.100.0_x5]
2025-08-14T13:29:13.041-0400 [DEBUG] provider: plugin started: path=.terraform/providers/registry.terraform.io/hashicorp/aws/5.100.0/darwin_amd64/terraform-provider-aws_v5.100.0_x5 pid=40082
2025-08-14T13:29:13.041-0400 [DEBUG] provider: waiting for RPC address: path=.terraform/providers/registry.terraform.io/hashicorp/aws/5.100.0/darwin_amd64/terraform-provider-aws_v5.100.0_x5
2025-08-14T13:30:13.052-0400 [DEBUG] provider: plugin process exited: path=.terraform/providers/registry.terraform.io/hashicorp/aws/5.100.0/darwin_amd64/terraform-provider-aws_v5.100.0_x5 pid=40082 error="signal: killed"
2025-08-14T13:30:13.063-0400 [WARN]  provider: plugin failed to exit gracefully
